<?xml version="1.0" encoding="UTF-8"?>
<!-- Generated by org.testng.reporters.JUnitReportReporter -->
<testsuite hostname="DESKTOP-746H6AL" failures="0" tests="4" name="practice.AddtoCart" time="0.020" errors="0" timestamp="2022-01-20T19:44:43 IST" skipped="0">
  <testcase classname="practice.AddtoCart" name="addtoCartTest" time="0.015"/>
  <system-out/>
  <testcase classname="practice.AddtoCart" name="addtoCartTest" time="0.002"/>
  <system-out/>
  <testcase classname="practice.AddtoCart" name="addtoCartTest" time="0.001"/>
  <system-out/>
  <testcase classname="practice.AddtoCart" name="addtoCartTest" time="0.002"/>
  <system-out/>
</testsuite> <!-- practice.AddtoCart -->
