<?xml version="1.0" encoding="UTF-8"?>
<!-- Generated by org.testng.reporters.JUnitReportReporter -->
<testsuite hostname="DESKTOP-746H6AL" failures="0" tests="2" name="com.crm.comcast.ContactTest.CreateContactTest1" time="56.397" errors="0" timestamp="2022-01-20T20:54:50 IST" skipped="0">
  <testcase classname="com.crm.comcast.ContactTest.CreateContactTest1" name="createContact" time="23.977"/>
  <system-out/>
  <testcase classname="com.crm.comcast.ContactTest.CreateContactTest1" name="createWithOrg" time="32.420"/>
  <system-out/>
</testsuite> <!-- com.crm.comcast.ContactTest.CreateContactTest1 -->
