<?xml version="1.0" encoding="UTF-8"?>
<!-- Generated by org.testng.reporters.JUnitReportReporter -->
<testsuite hostname="DESKTOP-746H6AL" failures="0" tests="1" name="practice.Project_Unittest" time="0.746" errors="0" timestamp="13 Jan 2022 06:14:53 GMT" skipped="0">
  <testcase classname="practice.Project_Unittest" name="ProjectunitTest" time="0.746"/>
</testsuite> <!-- practice.Project_Unittest -->
