<?xml version="1.0" encoding="UTF-8"?>
<!-- Generated by org.testng.reporters.JUnitReportReporter -->
<testsuite hostname="DESKTOP-746H6AL" failures="0" tests="3" name="practice.CustomerTest" time="0.022" errors="0" timestamp="2022-01-20T19:52:12 IST" skipped="0">
  <testcase classname="practice.CustomerTest" name="createCustomerTest" time="0.016"/>
  <system-out/>
  <testcase classname="practice.CustomerTest" name="modifyCustomerTest" time="0.003"/>
  <system-out/>
  <testcase classname="practice.CustomerTest" name="deleteCustomerTest" time="0.003"/>
  <system-out/>
</testsuite> <!-- practice.CustomerTest -->
