<?xml version="1.0" encoding="UTF-8"?>
<!-- Generated by org.testng.reporters.JUnitReportReporter -->
<testsuite hostname="DESKTOP-746H6AL" failures="0" tests="2" name="com.crm.comcast.orgnizationTest.CreateOrganizationTest" time="53.386" errors="0" timestamp="2022-01-25T08:09:59 IST" skipped="0">
  <testcase classname="com.crm.comcast.orgnizationTest.CreateOrganizationTest" name="CreateOrgTest" time="26.857"/>
  <system-out/>
  <testcase classname="com.crm.comcast.orgnizationTest.CreateOrganizationTest" name="createOrgWithIndustries" time="26.529"/>
  <system-out/>
</testsuite> <!-- com.crm.comcast.orgnizationTest.CreateOrganizationTest -->
