<?xml version="1.0" encoding="UTF-8"?>
<!-- Generated by org.testng.reporters.JUnitReportReporter -->
<testsuite hostname="DESKTOP-746H6AL" failures="0" tests="3" name="practice.Customer_priority" time="0.021" errors="0" timestamp="2022-01-20T19:54:34 IST" skipped="0">
  <testcase classname="practice.Customer_priority" name="createCustomerTest" time="0.016"/>
  <system-out/>
  <testcase classname="practice.Customer_priority" name="deleteCustomerTest" time="0.003"/>
  <system-out/>
  <testcase classname="practice.Customer_priority" name="modifyCustomerTest" time="0.002"/>
  <system-out/>
</testsuite> <!-- practice.Customer_priority -->
