<?xml version="1.0" encoding="UTF-8"?>
<!-- Generated by org.testng.reporters.JUnitReportReporter -->
<testsuite hostname="DESKTOP-746H6AL" failures="0" tests="3" name="practice.Customer_dependency" time="0.019" errors="0" timestamp="2022-01-20T19:57:06 IST" skipped="0">
  <testcase classname="practice.Customer_dependency" name="deleteCustomerTest" time="0.015"/>
  <system-out/>
  <testcase classname="practice.Customer_dependency" name="modifyCustomerTest" time="0.002"/>
  <system-out/>
  <testcase classname="practice.Customer_dependency" name="createCustomerTest" time="0.002"/>
  <system-out/>
</testsuite> <!-- practice.Customer_dependency -->
