<?xml version="1.0" encoding="UTF-8"?>
<!-- Generated by org.testng.reporters.JUnitReportReporter -->
<testsuite hostname="DESKTOP-746H6AL" failures="0" tests="2" name="com.crm.comcast.ContactTest.CreateContactTest" time="178.447" errors="0" timestamp="2022-01-24T10:24:28 IST" skipped="0">
  <testcase classname="com.crm.comcast.ContactTest.CreateContactTest" name="createWithOrg" time="97.757"/>
  <system-out/>
  <testcase classname="com.crm.comcast.ContactTest.CreateContactTest" name="createContact" time="80.690"/>
  <system-out/>
</testsuite> <!-- com.crm.comcast.ContactTest.CreateContactTest -->
