<?xml version="1.0" encoding="UTF-8"?>
<!-- Generated by org.testng.reporters.JUnitReportReporter -->
<testsuite hostname="DESKTOP-746H6AL" failures="0" tests="2" name="com.crm.comcast.orgnizationTest.CreateOrganization1" time="37.493" errors="0" timestamp="2022-01-20T20:41:11 IST" skipped="0">
  <testcase classname="com.crm.comcast.orgnizationTest.CreateOrganization1" name="CreateOrgTest" time="20.274"/>
  <system-out/>
  <testcase classname="com.crm.comcast.orgnizationTest.CreateOrganization1" name="createOrgWithIndustries" time="17.219"/>
  <system-out/>
</testsuite> <!-- com.crm.comcast.orgnizationTest.CreateOrganization1 -->
