<?xml version="1.0" encoding="UTF-8"?>
<!-- Generated by org.testng.reporters.JUnitReportReporter -->
<testsuite hostname="DESKTOP-746H6AL" failures="0" tests="1" name="practice.Demo2" time="52.465" errors="0" timestamp="2022-01-22T20:42:21 IST" skipped="0">
  <testcase classname="practice.Demo2" name="verifyHomepage" time="52.465"/>
  <system-out/>
</testsuite> <!-- practice.Demo2 -->
