<?xml version="1.0" encoding="UTF-8"?>
<!-- Generated by org.testng.reporters.JUnitReportReporter -->
<testsuite hostname="DESKTOP-746H6AL" failures="0" tests="1" name="practice.Retryclass" time="0.017" errors="0" timestamp="2022-01-27T14:56:11 IST" skipped="0">
  <testcase classname="practice.Retryclass" name="amazontest" time="0.017"/>
  <system-out/>
</testsuite> <!-- practice.Retryclass -->
