<?xml version="1.0" encoding="UTF-8"?>
<!-- Generated by org.testng.reporters.JUnitReportReporter -->
<testsuite hostname="DESKTOP-746H6AL" failures="0" tests="1" name="practice.Demo1" time="96.804" errors="0" timestamp="2022-02-02T21:26:03 IST" skipped="0">
  <testcase classname="practice.Demo1" name="happpy" time="96.804"/>
  <system-out/>
</testsuite> <!-- practice.Demo1 -->
